<?xml version="1.0" encoding="UTF-8"?>
<!-- Generated by org.testng.reporters.JUnitReportReporter -->
<testsuite hostname="SADIYAs-MacBook-Pro.local" failures="0" tests="1" name="contact.CreateContactTest" time="9.359" errors="0" timestamp="2025-06-16T08:24:51 IST" skipped="0">
  <testcase classname="contact.CreateContactTest" name="CreateContactWithMandatoryFieldsTest" time="9.359"/>
</testsuite> <!-- contact.CreateContactTest -->
