<?xml version="1.0" encoding="UTF-8"?>
<!-- Generated by org.testng.reporters.JUnitReportReporter -->
<testsuite hostname="SADIYAs-MacBook-Pro.local" failures="0" tests="3" name="campaign.CreateCampaignTest" time="12.052" errors="0" timestamp="2025-06-16T07:59:04 IST" skipped="0">
  <testcase classname="campaign.CreateCampaignTest" name="createCampaignWithExpectedCloseDateTest" time="4.370"/>
  <testcase classname="campaign.CreateCampaignTest" name="createCampaignWithStatusTest" time="3.487"/>
  <testcase classname="campaign.CreateCampaignTest" name="createCampaignWithMandatoryFieldsTest" time="4.195"/>
</testsuite> <!-- campaign.CreateCampaignTest -->
