<?xml version="1.0" encoding="UTF-8"?>
<!-- Generated by org.testng.reporters.JUnitReportReporter -->
<testsuite hostname="SADIYAs-MacBook-Pro.local" failures="0" tests="2" name="campaign.CreateCampaignTest" time="9.877" errors="0" timestamp="2025-06-16T08:24:51 IST" skipped="0">
  <testcase classname="campaign.CreateCampaignTest" name="createCampaignWithExpectedCloseDateTest" time="6.185"/>
  <testcase classname="campaign.CreateCampaignTest" name="createCampaignWithStatusTest" time="3.692"/>
</testsuite> <!-- campaign.CreateCampaignTest -->
